<?xml version="1.0" encoding="UTF-8"?>
<!-- Generated by org.testng.reporters.JUnitReportReporter -->
<testsuite hostname="IN-PG0352BP" failures="0" tests="1" name="tests2.AmazonCartTest" time="39.131" errors="0" timestamp="03 Apr 2024 07:24:17 GMT" skipped="0">
  <testcase classname="tests2.AmazonCartTest" name="searchAndAddToCart" time="39.131"/>
</testsuite> <!-- tests2.AmazonCartTest -->
