<?xml version="1.0" encoding="UTF-8"?>
<!-- Generated by org.testng.reporters.JUnitReportReporter -->
<testsuite hostname="IN-PG0352BP" failures="0" tests="1" name="tests.AmazonCartTest" time="14.858" errors="0" timestamp="2024-03-30T11:44:01 IST" skipped="0">
  <testcase classname="tests.AmazonCartTest" name="searchAndAddToCart" time="14.858"/>
</testsuite> <!-- tests.AmazonCartTest -->
