<?xml version="1.0" encoding="UTF-8"?>
<!-- Generated by org.testng.reporters.JUnitReportReporter -->
<testsuite hostname="IN-PG0352BP" failures="0" tests="1" name="tests.AmazonWebsiteTest" time="4.725" errors="0" timestamp="2024-04-12T20:09:01 IST" skipped="0">
  <testcase classname="tests.AmazonWebsiteTest" name="openWebsite" time="4.725"/>
</testsuite> <!-- tests.AmazonWebsiteTest -->
